<?xml version="1.0" encoding="utf-8"?><testsuites name="pytest tests"><testsuite name="pytest" errors="0" failures="0" skipped="0" tests="22" time="5.557" timestamp="2026-05-19T04:25:29.787117+00:00" hostname="agent-env-f043169f-0ebc-459b-bde8-2797efd42c71"><testcase classname="backend.tests.test_rebild_portal.TestAuth" name="test_admin_login" time="0.432" /><testcase classname="backend.tests.test_rebild_portal.TestAuth" name="test_auth_me" time="0.161" /><testcase classname="backend.tests.test_rebild_portal.TestAuth" name="test_login_invalid" time="0.332" /><testcase classname="backend.tests.test_rebild_portal.TestAuth" name="test_me_without_token" time="0.155" /><testcase classname="backend.tests.test_rebild_portal.TestCatalog" name="test_services_seeded" time="0.107" /><testcase classname="backend.tests.test_rebild_portal.TestCatalog" name="test_addons_seeded" time="0.139" /><testcase classname="backend.tests.test_rebild_portal.TestCatalog" name="test_services_requires_auth" time="0.144" /><testcase classname="backend.tests.test_rebild_portal.TestClientLifecycle" name="test_client_can_login" time="0.777" /><testcase classname="backend.tests.test_rebild_portal.TestClientLifecycle" name="test_admin_list_clients_includes_created" time="0.101" /><testcase classname="backend.tests.test_rebild_portal.TestClientLifecycle" name="test_reset_password_and_login" time="0.986" /><testcase classname="backend.tests.test_rebild_portal.TestRoleEnforcement" name="test_client_blocked_from_admin_endpoint" time="0.117" /><testcase classname="backend.tests.test_rebild_portal.TestRoleEnforcement" name="test_client_blocked_from_admin_stats" time="0.112" /><testcase classname="backend.tests.test_rebild_portal.TestDashboards" name="test_admin_stats" time="0.108" /><testcase classname="backend.tests.test_rebild_portal.TestDashboards" name="test_client_dashboard" time="0.139" /><testcase classname="backend.tests.test_rebild_portal.TestInvoices" name="test_create_invoice" time="0.124" /><testcase classname="backend.tests.test_rebild_portal.TestInvoices" name="test_client_sees_invoice" time="0.103" /><testcase classname="backend.tests.test_rebild_portal.TestInvoices" name="test_client_pays_invoice" time="0.209" /><testcase classname="backend.tests.test_rebild_portal.TestUpdates" name="test_broadcast_update" time="0.242" /><testcase classname="backend.tests.test_rebild_portal.TestTickets" name="test_client_creates_ticket" time="0.112" /><testcase classname="backend.tests.test_rebild_portal.TestTickets" name="test_admin_replies" time="0.217" /><testcase classname="backend.tests.test_rebild_portal.TestNotifications" name="test_client_has_notifications" time="0.114" /><testcase classname="backend.tests.test_rebild_portal.TestNotifications" name="test_mark_all_read" time="0.349" /></testsuite></testsuites>