<?xml version="1.0" encoding="utf-8"?><testsuites name="pytest tests"><testsuite name="pytest" errors="0" failures="0" skipped="0" tests="22" time="6.031" timestamp="2026-05-18T19:04:35.645040+00:00" hostname="agent-env-f043169f-0ebc-459b-bde8-2797efd42c71"><testcase classname="backend.tests.test_rebild_portal.TestAuth" name="test_admin_login" time="0.384" /><testcase classname="backend.tests.test_rebild_portal.TestAuth" name="test_auth_me" time="0.133" /><testcase classname="backend.tests.test_rebild_portal.TestAuth" name="test_login_invalid" time="0.438" /><testcase classname="backend.tests.test_rebild_portal.TestAuth" name="test_me_without_token" time="0.136" /><testcase classname="backend.tests.test_rebild_portal.TestCatalog" name="test_services_seeded" time="0.198" /><testcase classname="backend.tests.test_rebild_portal.TestCatalog" name="test_addons_seeded" time="0.189" /><testcase classname="backend.tests.test_rebild_portal.TestCatalog" name="test_services_requires_auth" time="0.204" /><testcase classname="backend.tests.test_rebild_portal.TestClientLifecycle" name="test_client_can_login" time="0.707" /><testcase classname="backend.tests.test_rebild_portal.TestClientLifecycle" name="test_admin_list_clients_includes_created" time="0.133" /><testcase classname="backend.tests.test_rebild_portal.TestClientLifecycle" name="test_reset_password_and_login" time="1.113" /><testcase classname="backend.tests.test_rebild_portal.TestRoleEnforcement" name="test_client_blocked_from_admin_endpoint" time="0.144" /><testcase classname="backend.tests.test_rebild_portal.TestRoleEnforcement" name="test_client_blocked_from_admin_stats" time="0.154" /><testcase classname="backend.tests.test_rebild_portal.TestDashboards" name="test_admin_stats" time="0.134" /><testcase classname="backend.tests.test_rebild_portal.TestDashboards" name="test_client_dashboard" time="0.126" /><testcase classname="backend.tests.test_rebild_portal.TestInvoices" name="test_create_invoice" time="0.144" /><testcase classname="backend.tests.test_rebild_portal.TestInvoices" name="test_client_sees_invoice" time="0.127" /><testcase classname="backend.tests.test_rebild_portal.TestInvoices" name="test_client_pays_invoice" time="0.289" /><testcase classname="backend.tests.test_rebild_portal.TestUpdates" name="test_broadcast_update" time="0.271" /><testcase classname="backend.tests.test_rebild_portal.TestTickets" name="test_client_creates_ticket" time="0.166" /><testcase classname="backend.tests.test_rebild_portal.TestTickets" name="test_admin_replies" time="0.260" /><testcase classname="backend.tests.test_rebild_portal.TestNotifications" name="test_client_has_notifications" time="0.130" /><testcase classname="backend.tests.test_rebild_portal.TestNotifications" name="test_mark_all_read" time="0.382" /></testsuite></testsuites>